<?xml version="1.0" encoding="UTF-8"?>
<!-- Generated by org.testng.reporters.JUnitReportReporter -->
<testsuite hostname="DESKTOP-5PPQH1F" failures="0" tests="1" name="testcase.IslamicShop" time="26.628" errors="0" timestamp="2022-09-11T20:20:54 PDT" skipped="0">
  <testcase classname="testcase.IslamicShop" name="IslamicShop_login" time="26.628"/>
  <system-out/>
</testsuite> <!-- testcase.IslamicShop -->
